<?xml version="1.0" encoding="UTF-8"?>
<!-- Generated by org.testng.reporters.JUnitReportReporter -->
<testsuite hostname="LTIN237839" name="Practise2.testcase1" tests="1" failures="0" timestamp="16 Dec 2020 08:33:40 GMT" time="0.917" errors="0">
  <testcase name="e2e" time="0.917" classname="Practise2.testcase1"/>
</testsuite> <!-- Practise2.testcase1 -->
