<?xml version="1.0" encoding="UTF-8"?>
<!-- Generated by org.testng.reporters.JUnitReportReporter -->
<testsuite hostname="LTIN237839" name="cucumberRunner.TestRunner" tests="2" failures="0" timestamp="17 Dec 2020 09:41:57 GMT" time="61.191" errors="0">
  <testcase name="feature" time="31.992" classname="cucumberRunner.TestRunner"/>
  <testcase name="feature" time="29.199" classname="cucumberRunner.TestRunner"/>
</testsuite> <!-- cucumberRunner.TestRunner -->
