<?xml version="1.0" encoding="UTF-8"?>
<!-- Generated by org.testng.reporters.JUnitReportReporter -->
<testsuite hostname="LTIN237839" name="cucumberRunner.TestRunner" tests="1" failures="0" timestamp="16 Dec 2020 10:41:19 GMT" time="23.475" errors="0">
  <testcase name="feature" time="23.475" classname="cucumberRunner.TestRunner"/>
</testsuite> <!-- cucumberRunner.TestRunner -->
